2025-11-25 10:30:25[INFO] Starting jowto_data_count.py
2025-11-25 10:30:25[INFO] Starting send mails to group
2025-11-25 10:30:26[INFO] 14大业务系统总量: 107
2025-11-25 10:30:26[INFO] 14大业务系统椒图在线: 104 在线率: 97.20%
2025-11-25 10:30:26[INFO] 14大业务系统椒图离线: 1 离线率: 0.93%
2025-11-25 10:30:26[INFO] 14大业务系统椒图未安装: 2 未安装率: 1.87%
2025-11-25 10:30:26[INFO] 14大业务系统椒图在线统计: 104 安全域分布: S1:0, S2:0, S3:27, S4:77, S5:0 
2025-11-25 10:30:26[INFO] 14大业务系统椒图离线统计: 1 安全域分布: S1: 0, S2:0, S3:0, S4:1, S5:0 
2025-11-25 10:30:26[INFO] 14大业务系统椒图未安装统计: 2 安全域分布: S1: 0, S2:0, S3:0, S4:2, S5:0 
2025-11-25 10:30:26[INFO] 文件导出:(businessSystem14_ip.*): /data/sunhaobo/AssetMonitor-prod/AssetMonitor/modules/assetmonitor/JowtoDataMonitor/../../../file/JowtoDataOut/
2025-11-25 10:33:14[INFO] 椒图需要安装设备总量:27221
2025-11-25 10:33:14[INFO] 椒图需要安装设备在线:15841 在线率:83.69%
2025-11-25 10:33:14[INFO] 椒图需要安装设备离线:3088 离线率:16.31%
2025-11-25 10:33:14[INFO] 椒图需要安装设备已安装:18929 安装率:69.54%
2025-11-25 10:33:14[INFO] 椒图需要安装设备未安装:8292 未安装率:30.46%
2025-11-25 10:33:20[INFO] 互联网侧椒图需要安装设备总量: 916
2025-11-25 10:33:20[INFO] 互联网侧椒图需要安装设备在线: 892 在线率: 99.22%
2025-11-25 10:33:20[INFO] 互联网侧椒图需要安装设备离线: 7 离线率: 0.78%
2025-11-25 10:33:20[INFO] 互联网侧椒图需要安装设备已安装: 899 安装率: 98.14%
2025-11-25 10:33:20[INFO] 互联网侧椒图需要安装设备未安装: 17 未安装率: 1.86%
2025-11-25 10:36:23[INFO] S1椒图需要安装设备总量:1164
2025-11-25 10:36:23[INFO] S1椒图需要安装设备在线:1075 在线率:98.99%
2025-11-25 10:36:23[INFO] S1椒图需要安装设备离线:11 离线率:1.01%
2025-11-25 10:36:23[INFO] S1椒图需要安装设备已安装:1086 安装率:93.30%
2025-11-25 10:36:23[INFO] S1椒图需要安装设备未安装:78 未安装率:6.70%
2025-11-25 10:36:23[INFO] S3椒图需要安装设备总量:24312
2025-11-25 10:36:23[INFO] S3椒图需要安装设备在线:14152 在线率:82.19%
2025-11-25 10:36:23[INFO] S3椒图需要安装设备离线:3066 离线率:17.81%
2025-11-25 10:36:23[INFO] S3椒图需要安装设备已安装:17218 安装率:70.82%
2025-11-25 10:36:23[INFO] S3椒图需要安装设备未安装:7094 未安装率:29.18%
2025-11-25 10:36:26[INFO] 14大业务系统总量: 107
2025-11-25 10:36:26[INFO] 14大业务系统椒图在线: 104 在线率: 97.20%
2025-11-25 10:36:26[INFO] 14大业务系统椒图离线: 1 离线率: 0.93%
2025-11-25 10:36:26[INFO] 14大业务系统椒图未安装: 2 未安装率: 1.87%
2025-11-25 10:36:26[INFO] 14大业务系统椒图在线统计: 104 安全域分布: S1:0, S2:0, S3:27, S4:77, S5:0 
2025-11-25 10:36:26[INFO] 14大业务系统椒图离线统计: 1 安全域分布: S1: 0, S2:0, S3:0, S4:1, S5:0 
2025-11-25 10:36:26[INFO] 14大业务系统椒图未安装统计: 2 安全域分布: S1: 0, S2:0, S3:0, S4:2, S5:0 
2025-11-25 10:36:26[INFO] 文件导出:(businessSystem14_ip.*): /data/sunhaobo/AssetMonitor-prod/AssetMonitor/modules/assetmonitor/JowtoDataMonitor/../../../file/JowtoDataOut/
2025-11-25 10:40:01[INFO] 椒图需要安装设备总量:27221
2025-11-25 10:40:01[INFO] 椒图需要安装设备在线:15842 在线率:83.69%
2025-11-25 10:40:01[INFO] 椒图需要安装设备离线:3088 离线率:16.31%
2025-11-25 10:40:01[INFO] 椒图需要安装设备已安装:18930 安装率:69.54%
2025-11-25 10:40:01[INFO] 椒图需要安装设备未安装:8291 未安装率:30.46%
2025-11-25 10:40:20[INFO] 互联网侧椒图需要安装设备总量: 916
2025-11-25 10:40:20[INFO] 互联网侧椒图需要安装设备在线: 892 在线率: 99.22%
2025-11-25 10:40:20[INFO] 互联网侧椒图需要安装设备离线: 7 离线率: 0.78%
2025-11-25 10:40:20[INFO] 互联网侧椒图需要安装设备已安装: 899 安装率: 98.14%
2025-11-25 10:40:20[INFO] 互联网侧椒图需要安装设备未安装: 17 未安装率: 1.86%
2025-11-25 10:43:08[INFO] S1椒图需要安装设备总量:1164
2025-11-25 10:43:08[INFO] S1椒图需要安装设备在线:1075 在线率:98.99%
2025-11-25 10:43:08[INFO] S1椒图需要安装设备离线:11 离线率:1.01%
2025-11-25 10:43:08[INFO] S1椒图需要安装设备已安装:1086 安装率:93.30%
2025-11-25 10:43:08[INFO] S1椒图需要安装设备未安装:78 未安装率:6.70%
2025-11-25 10:43:08[INFO] S3椒图需要安装设备总量:24312
2025-11-25 10:43:08[INFO] S3椒图需要安装设备在线:14152 在线率:82.19%
2025-11-25 10:43:08[INFO] S3椒图需要安装设备离线:3066 离线率:17.81%
2025-11-25 10:43:08[INFO] S3椒图需要安装设备已安装:17218 安装率:70.82%
2025-11-25 10:43:08[INFO] S3椒图需要安装设备未安装:7094 未安装率:29.18%
2025-11-25 10:43:10[INFO] Starting write count to db
2025-11-25 10:43:11[INFO] 14大业务系统总量: 107
2025-11-25 10:43:11[INFO] 14大业务系统椒图在线: 104 在线率: 97.20%
2025-11-25 10:43:11[INFO] 14大业务系统椒图离线: 1 离线率: 0.93%
2025-11-25 10:43:11[INFO] 14大业务系统椒图未安装: 2 未安装率: 1.87%
2025-11-25 10:43:11[INFO] 14大业务系统椒图在线统计: 104 安全域分布: S1:0, S2:0, S3:27, S4:77, S5:0 
2025-11-25 10:43:11[INFO] 14大业务系统椒图离线统计: 1 安全域分布: S1: 0, S2:0, S3:0, S4:1, S5:0 
2025-11-25 10:43:11[INFO] 14大业务系统椒图未安装统计: 2 安全域分布: S1: 0, S2:0, S3:0, S4:2, S5:0 
2025-11-25 10:43:11[INFO] 文件导出:(businessSystem14_ip.*): /data/sunhaobo/AssetMonitor-prod/AssetMonitor/modules/assetmonitor/JowtoDataMonitor/../../../file/JowtoDataOut/
2025-11-25 10:45:37[INFO] 椒图需要安装设备总量:27221
2025-11-25 10:45:37[INFO] 椒图需要安装设备在线:15842 在线率:83.69%
2025-11-25 10:45:37[INFO] 椒图需要安装设备离线:3088 离线率:16.31%
2025-11-25 10:45:37[INFO] 椒图需要安装设备已安装:18930 安装率:69.54%
2025-11-25 10:45:37[INFO] 椒图需要安装设备未安装:8291 未安装率:30.46%
2025-11-25 10:45:47[INFO] 互联网侧椒图需要安装设备总量: 916
2025-11-25 10:45:47[INFO] 互联网侧椒图需要安装设备在线: 892 在线率: 99.22%
2025-11-25 10:45:47[INFO] 互联网侧椒图需要安装设备离线: 7 离线率: 0.78%
2025-11-25 10:45:47[INFO] 互联网侧椒图需要安装设备已安装: 899 安装率: 98.14%
2025-11-25 10:45:47[INFO] 互联网侧椒图需要安装设备未安装: 17 未安装率: 1.86%
2025-11-25 10:48:52[INFO] S1椒图需要安装设备总量:1164
2025-11-25 10:48:52[INFO] S1椒图需要安装设备在线:1075 在线率:98.99%
2025-11-25 10:48:52[INFO] S1椒图需要安装设备离线:11 离线率:1.01%
2025-11-25 10:48:52[INFO] S1椒图需要安装设备已安装:1086 安装率:93.30%
2025-11-25 10:48:52[INFO] S1椒图需要安装设备未安装:78 未安装率:6.70%
2025-11-25 10:48:52[INFO] S3椒图需要安装设备总量:24312
2025-11-25 10:48:52[INFO] S3椒图需要安装设备在线:14152 在线率:82.19%
2025-11-25 10:48:52[INFO] S3椒图需要安装设备离线:3066 离线率:17.81%
2025-11-25 10:48:52[INFO] S3椒图需要安装设备已安装:17218 安装率:70.82%
2025-11-25 10:48:52[INFO] S3椒图需要安装设备未安装:7094 未安装率:29.18%
2025-11-25 10:48:52[INFO] 数据成功写入数据库
2025-11-26 08:00:02[INFO] Starting jowto_data_count.py
2025-11-26 08:00:02[INFO] Starting send mails to group
2025-11-26 08:00:02[INFO] 14大业务系统总量: 107
2025-11-26 08:00:02[INFO] 14大业务系统椒图在线: 104 在线率: 97.20%
2025-11-26 08:00:02[INFO] 14大业务系统椒图离线: 1 离线率: 0.93%
2025-11-26 08:00:02[INFO] 14大业务系统椒图未安装: 2 未安装率: 1.87%
2025-11-26 08:00:02[INFO] 14大业务系统椒图在线统计: 104 安全域分布: S1:0, S2:0, S3:27, S4:77, S5:0 
2025-11-26 08:00:02[INFO] 14大业务系统椒图离线统计: 1 安全域分布: S1: 0, S2:0, S3:0, S4:1, S5:0 
2025-11-26 08:00:02[INFO] 14大业务系统椒图未安装统计: 2 安全域分布: S1: 0, S2:0, S3:0, S4:2, S5:0 
2025-11-26 08:00:02[INFO] 文件导出:(businessSystem14_ip.*): /data/sunhaobo/AssetMonitor-prod/AssetMonitor/modules/assetmonitor/JowtoDataMonitor/../../../file/JowtoDataOut/
2025-11-26 08:02:35[INFO] 椒图需要安装设备总量:27599
2025-11-26 08:02:35[INFO] 椒图需要安装设备在线:15853 在线率:83.69%
2025-11-26 08:02:35[INFO] 椒图需要安装设备离线:3090 离线率:16.31%
2025-11-26 08:02:35[INFO] 椒图需要安装设备已安装:18943 安装率:68.64%
2025-11-26 08:02:35[INFO] 椒图需要安装设备未安装:8439 未安装率:30.58%
2025-11-26 08:02:41[INFO] 互联网侧椒图需要安装设备总量: 915
2025-11-26 08:02:41[INFO] 互联网侧椒图需要安装设备在线: 892 在线率: 99.22%
2025-11-26 08:02:41[INFO] 互联网侧椒图需要安装设备离线: 7 离线率: 0.78%
2025-11-26 08:02:41[INFO] 互联网侧椒图需要安装设备已安装: 899 安装率: 98.25%
2025-11-26 08:02:41[INFO] 互联网侧椒图需要安装设备未安装: 16 未安装率: 1.75%
2025-11-26 08:05:10[INFO] S1椒图需要安装设备总量:1164
2025-11-26 08:05:10[INFO] S1椒图需要安装设备在线:1074 在线率:98.90%
2025-11-26 08:05:10[INFO] S1椒图需要安装设备离线:12 离线率:1.10%
2025-11-26 08:05:10[INFO] S1椒图需要安装设备已安装:1086 安装率:93.30%
2025-11-26 08:05:10[INFO] S1椒图需要安装设备未安装:78 未安装率:6.70%
2025-11-26 08:05:10[INFO] S3椒图需要安装设备总量:24478
2025-11-26 08:05:10[INFO] S3椒图需要安装设备在线:14163 在线率:82.20%
2025-11-26 08:05:10[INFO] S3椒图需要安装设备离线:3066 离线率:17.80%
2025-11-26 08:05:10[INFO] S3椒图需要安装设备已安装:17229 安装率:70.39%
2025-11-26 08:05:10[INFO] S3椒图需要安装设备未安装:7249 未安装率:29.61%
2025-11-26 08:05:13[INFO] 14大业务系统总量: 107
2025-11-26 08:05:13[INFO] 14大业务系统椒图在线: 104 在线率: 97.20%
2025-11-26 08:05:13[INFO] 14大业务系统椒图离线: 1 离线率: 0.93%
2025-11-26 08:05:13[INFO] 14大业务系统椒图未安装: 2 未安装率: 1.87%
2025-11-26 08:05:13[INFO] 14大业务系统椒图在线统计: 104 安全域分布: S1:0, S2:0, S3:27, S4:77, S5:0 
2025-11-26 08:05:13[INFO] 14大业务系统椒图离线统计: 1 安全域分布: S1: 0, S2:0, S3:0, S4:1, S5:0 
2025-11-26 08:05:13[INFO] 14大业务系统椒图未安装统计: 2 安全域分布: S1: 0, S2:0, S3:0, S4:2, S5:0 
2025-11-26 08:05:13[INFO] 文件导出:(businessSystem14_ip.*): /data/sunhaobo/AssetMonitor-prod/AssetMonitor/modules/assetmonitor/JowtoDataMonitor/../../../file/JowtoDataOut/
2025-11-26 08:08:20[INFO] 椒图需要安装设备总量:27382
2025-11-26 08:08:20[INFO] 椒图需要安装设备在线:15853 在线率:83.69%
2025-11-26 08:08:20[INFO] 椒图需要安装设备离线:3090 离线率:16.31%
2025-11-26 08:08:20[INFO] 椒图需要安装设备已安装:18943 安装率:69.18%
2025-11-26 08:08:20[INFO] 椒图需要安装设备未安装:8439 未安装率:30.82%
2025-11-26 08:08:29[INFO] 互联网侧椒图需要安装设备总量: 915
2025-11-26 08:08:29[INFO] 互联网侧椒图需要安装设备在线: 892 在线率: 99.22%
2025-11-26 08:08:29[INFO] 互联网侧椒图需要安装设备离线: 7 离线率: 0.78%
2025-11-26 08:08:29[INFO] 互联网侧椒图需要安装设备已安装: 899 安装率: 98.25%
2025-11-26 08:08:29[INFO] 互联网侧椒图需要安装设备未安装: 16 未安装率: 1.75%
2025-11-26 08:10:44[INFO] S1椒图需要安装设备总量:1164
2025-11-26 08:10:44[INFO] S1椒图需要安装设备在线:1074 在线率:98.90%
2025-11-26 08:10:44[INFO] S1椒图需要安装设备离线:12 离线率:1.10%
2025-11-26 08:10:44[INFO] S1椒图需要安装设备已安装:1086 安装率:93.30%
2025-11-26 08:10:44[INFO] S1椒图需要安装设备未安装:78 未安装率:6.70%
2025-11-26 08:10:44[INFO] S3椒图需要安装设备总量:24478
2025-11-26 08:10:44[INFO] S3椒图需要安装设备在线:14163 在线率:82.20%
2025-11-26 08:10:44[INFO] S3椒图需要安装设备离线:3066 离线率:17.80%
2025-11-26 08:10:44[INFO] S3椒图需要安装设备已安装:17229 安装率:70.39%
2025-11-26 08:10:44[INFO] S3椒图需要安装设备未安装:7249 未安装率:29.61%
2025-11-26 08:10:47[INFO] Starting write count to db
2025-11-26 08:10:47[INFO] 14大业务系统总量: 107
2025-11-26 08:10:47[INFO] 14大业务系统椒图在线: 104 在线率: 97.20%
2025-11-26 08:10:47[INFO] 14大业务系统椒图离线: 1 离线率: 0.93%
2025-11-26 08:10:47[INFO] 14大业务系统椒图未安装: 2 未安装率: 1.87%
2025-11-26 08:10:47[INFO] 14大业务系统椒图在线统计: 104 安全域分布: S1:0, S2:0, S3:27, S4:77, S5:0 
2025-11-26 08:10:47[INFO] 14大业务系统椒图离线统计: 1 安全域分布: S1: 0, S2:0, S3:0, S4:1, S5:0 
2025-11-26 08:10:47[INFO] 14大业务系统椒图未安装统计: 2 安全域分布: S1: 0, S2:0, S3:0, S4:2, S5:0 
2025-11-26 08:10:47[INFO] 文件导出:(businessSystem14_ip.*): /data/sunhaobo/AssetMonitor-prod/AssetMonitor/modules/assetmonitor/JowtoDataMonitor/../../../file/JowtoDataOut/
2025-11-26 08:13:24[INFO] 椒图需要安装设备总量:27382
2025-11-26 08:13:24[INFO] 椒图需要安装设备在线:15853 在线率:83.69%
2025-11-26 08:13:24[INFO] 椒图需要安装设备离线:3090 离线率:16.31%
2025-11-26 08:13:24[INFO] 椒图需要安装设备已安装:18943 安装率:69.18%
2025-11-26 08:13:24[INFO] 椒图需要安装设备未安装:8439 未安装率:30.82%
2025-11-26 08:13:32[INFO] 互联网侧椒图需要安装设备总量: 915
2025-11-26 08:13:32[INFO] 互联网侧椒图需要安装设备在线: 892 在线率: 99.22%
2025-11-26 08:13:32[INFO] 互联网侧椒图需要安装设备离线: 7 离线率: 0.78%
2025-11-26 08:13:32[INFO] 互联网侧椒图需要安装设备已安装: 899 安装率: 98.25%
2025-11-26 08:13:32[INFO] 互联网侧椒图需要安装设备未安装: 16 未安装率: 1.75%
2025-11-26 08:15:44[INFO] S1椒图需要安装设备总量:1164
2025-11-26 08:15:44[INFO] S1椒图需要安装设备在线:1074 在线率:98.90%
2025-11-26 08:15:44[INFO] S1椒图需要安装设备离线:12 离线率:1.10%
2025-11-26 08:15:44[INFO] S1椒图需要安装设备已安装:1086 安装率:93.30%
2025-11-26 08:15:44[INFO] S1椒图需要安装设备未安装:78 未安装率:6.70%
2025-11-26 08:15:44[INFO] S3椒图需要安装设备总量:24478
2025-11-26 08:15:44[INFO] S3椒图需要安装设备在线:14163 在线率:82.20%
2025-11-26 08:15:44[INFO] S3椒图需要安装设备离线:3066 离线率:17.80%
2025-11-26 08:15:44[INFO] S3椒图需要安装设备已安装:17229 安装率:70.39%
2025-11-26 08:15:44[INFO] S3椒图需要安装设备未安装:7249 未安装率:29.61%
2025-11-26 08:15:44[INFO] 数据成功写入数据库
2025-11-27 08:00:01[INFO] Starting jowto_data_count.py
2025-11-27 08:00:01[INFO] Starting send mails to group
2025-11-27 08:00:02[INFO] 14大业务系统总量: 108
2025-11-27 08:00:02[INFO] 14大业务系统椒图在线: 105 在线率: 97.22%
2025-11-27 08:00:02[INFO] 14大业务系统椒图离线: 1 离线率: 0.93%
2025-11-27 08:00:02[INFO] 14大业务系统椒图未安装: 2 未安装率: 1.85%
2025-11-27 08:00:02[INFO] 14大业务系统椒图在线统计: 105 安全域分布: S1:0, S2:0, S3:27, S4:78, S5:0 
2025-11-27 08:00:02[INFO] 14大业务系统椒图离线统计: 1 安全域分布: S1: 0, S2:0, S3:0, S4:1, S5:0 
2025-11-27 08:00:02[INFO] 14大业务系统椒图未安装统计: 2 安全域分布: S1: 0, S2:0, S3:0, S4:2, S5:0 
2025-11-27 08:00:02[INFO] 文件导出:(businessSystem14_ip.*): /data/sunhaobo/AssetMonitor-prod/AssetMonitor/modules/assetmonitor/JowtoDataMonitor/../../../file/JowtoDataOut/
2025-11-27 08:02:05[INFO] 椒图需要安装设备总量:27692
2025-11-27 08:02:05[INFO] 椒图需要安装设备在线:15930 在线率:83.74%
2025-11-27 08:02:05[INFO] 椒图需要安装设备离线:3093 离线率:16.26%
2025-11-27 08:02:05[INFO] 椒图需要安装设备已安装:19023 安装率:68.69%
2025-11-27 08:02:05[INFO] 椒图需要安装设备未安装:8661 未安装率:31.28%
2025-11-27 08:02:12[INFO] 互联网侧椒图需要安装设备总量: 917
2025-11-27 08:02:12[INFO] 互联网侧椒图需要安装设备在线: 894 在线率: 99.22%
2025-11-27 08:02:12[INFO] 互联网侧椒图需要安装设备离线: 7 离线率: 0.78%
2025-11-27 08:02:12[INFO] 互联网侧椒图需要安装设备已安装: 901 安装率: 98.26%
2025-11-27 08:02:12[INFO] 互联网侧椒图需要安装设备未安装: 16 未安装率: 1.74%
2025-11-27 08:04:34[INFO] S1椒图需要安装设备总量:1170
2025-11-27 08:04:34[INFO] S1椒图需要安装设备在线:1077 在线率:98.99%
2025-11-27 08:04:34[INFO] S1椒图需要安装设备离线:11 离线率:1.01%
2025-11-27 08:04:34[INFO] S1椒图需要安装设备已安装:1088 安装率:92.99%
2025-11-27 08:04:34[INFO] S1椒图需要安装设备未安装:82 未安装率:7.01%
2025-11-27 08:04:34[INFO] S3椒图需要安装设备总量:24641
2025-11-27 08:04:34[INFO] S3椒图需要安装设备在线:14185 在线率:82.22%
2025-11-27 08:04:34[INFO] S3椒图需要安装设备离线:3067 离线率:17.78%
2025-11-27 08:04:34[INFO] S3椒图需要安装设备已安装:17252 安装率:70.01%
2025-11-27 08:04:34[INFO] S3椒图需要安装设备未安装:7325 未安装率:29.73%
2025-11-27 08:04:38[INFO] 14大业务系统总量: 108
2025-11-27 08:04:38[INFO] 14大业务系统椒图在线: 105 在线率: 97.22%
2025-11-27 08:04:38[INFO] 14大业务系统椒图离线: 1 离线率: 0.93%
2025-11-27 08:04:38[INFO] 14大业务系统椒图未安装: 2 未安装率: 1.85%
2025-11-27 08:04:38[INFO] 14大业务系统椒图在线统计: 105 安全域分布: S1:0, S2:0, S3:27, S4:78, S5:0 
2025-11-27 08:04:38[INFO] 14大业务系统椒图离线统计: 1 安全域分布: S1: 0, S2:0, S3:0, S4:1, S5:0 
2025-11-27 08:04:38[INFO] 14大业务系统椒图未安装统计: 2 安全域分布: S1: 0, S2:0, S3:0, S4:2, S5:0 
2025-11-27 08:04:38[INFO] 文件导出:(businessSystem14_ip.*): /data/sunhaobo/AssetMonitor-prod/AssetMonitor/modules/assetmonitor/JowtoDataMonitor/../../../file/JowtoDataOut/
2025-11-27 08:07:46[INFO] 椒图需要安装设备总量:27494
2025-11-27 08:07:46[INFO] 椒图需要安装设备在线:15881 在线率:83.71%
2025-11-27 08:07:46[INFO] 椒图需要安装设备离线:3090 离线率:16.29%
2025-11-27 08:07:46[INFO] 椒图需要安装设备已安装:18971 安装率:69.00%
2025-11-27 08:07:46[INFO] 椒图需要安装设备未安装:8523 未安装率:31.00%
2025-11-27 08:07:55[INFO] 互联网侧椒图需要安装设备总量: 917
2025-11-27 08:07:55[INFO] 互联网侧椒图需要安装设备在线: 894 在线率: 99.22%
2025-11-27 08:07:55[INFO] 互联网侧椒图需要安装设备离线: 7 离线率: 0.78%
2025-11-27 08:07:55[INFO] 互联网侧椒图需要安装设备已安装: 901 安装率: 98.26%
2025-11-27 08:07:55[INFO] 互联网侧椒图需要安装设备未安装: 16 未安装率: 1.74%
2025-11-27 08:10:55[INFO] S1椒图需要安装设备总量:1163
2025-11-27 08:10:55[INFO] S1椒图需要安装设备在线:1077 在线率:98.99%
2025-11-27 08:10:55[INFO] S1椒图需要安装设备离线:11 离线率:1.01%
2025-11-27 08:10:55[INFO] S1椒图需要安装设备已安装:1088 安装率:93.55%
2025-11-27 08:10:55[INFO] S1椒图需要安装设备未安装:75 未安装率:6.45%
2025-11-27 08:10:55[INFO] S3椒图需要安装设备总量:24577
2025-11-27 08:10:55[INFO] S3椒图需要安装设备在线:14185 在线率:82.22%
2025-11-27 08:10:55[INFO] S3椒图需要安装设备离线:3067 离线率:17.78%
2025-11-27 08:10:55[INFO] S3椒图需要安装设备已安装:17252 安装率:70.20%
2025-11-27 08:10:55[INFO] S3椒图需要安装设备未安装:7325 未安装率:29.80%
2025-11-27 08:10:57[INFO] Starting write count to db
2025-11-27 08:10:58[INFO] 14大业务系统总量: 108
2025-11-27 08:10:58[INFO] 14大业务系统椒图在线: 105 在线率: 97.22%
2025-11-27 08:10:58[INFO] 14大业务系统椒图离线: 1 离线率: 0.93%
2025-11-27 08:10:58[INFO] 14大业务系统椒图未安装: 2 未安装率: 1.85%
2025-11-27 08:10:58[INFO] 14大业务系统椒图在线统计: 105 安全域分布: S1:0, S2:0, S3:27, S4:78, S5:0 
2025-11-27 08:10:58[INFO] 14大业务系统椒图离线统计: 1 安全域分布: S1: 0, S2:0, S3:0, S4:1, S5:0 
2025-11-27 08:10:58[INFO] 14大业务系统椒图未安装统计: 2 安全域分布: S1: 0, S2:0, S3:0, S4:2, S5:0 
2025-11-27 08:10:58[INFO] 文件导出:(businessSystem14_ip.*): /data/sunhaobo/AssetMonitor-prod/AssetMonitor/modules/assetmonitor/JowtoDataMonitor/../../../file/JowtoDataOut/
2025-11-27 08:14:16[INFO] 椒图需要安装设备总量:27494
2025-11-27 08:14:16[INFO] 椒图需要安装设备在线:15881 在线率:83.71%
2025-11-27 08:14:16[INFO] 椒图需要安装设备离线:3090 离线率:16.29%
2025-11-27 08:14:16[INFO] 椒图需要安装设备已安装:18971 安装率:69.00%
2025-11-27 08:14:16[INFO] 椒图需要安装设备未安装:8523 未安装率:31.00%
2025-11-27 08:14:26[INFO] 互联网侧椒图需要安装设备总量: 917
2025-11-27 08:14:26[INFO] 互联网侧椒图需要安装设备在线: 894 在线率: 99.22%
2025-11-27 08:14:26[INFO] 互联网侧椒图需要安装设备离线: 7 离线率: 0.78%
2025-11-27 08:14:26[INFO] 互联网侧椒图需要安装设备已安装: 901 安装率: 98.26%
2025-11-27 08:14:26[INFO] 互联网侧椒图需要安装设备未安装: 16 未安装率: 1.74%
2025-11-27 08:17:43[INFO] S1椒图需要安装设备总量:1163
2025-11-27 08:17:43[INFO] S1椒图需要安装设备在线:1077 在线率:98.99%
2025-11-27 08:17:43[INFO] S1椒图需要安装设备离线:11 离线率:1.01%
2025-11-27 08:17:43[INFO] S1椒图需要安装设备已安装:1088 安装率:93.55%
2025-11-27 08:17:43[INFO] S1椒图需要安装设备未安装:75 未安装率:6.45%
2025-11-27 08:17:43[INFO] S3椒图需要安装设备总量:24577
2025-11-27 08:17:43[INFO] S3椒图需要安装设备在线:14182 在线率:82.22%
2025-11-27 08:17:43[INFO] S3椒图需要安装设备离线:3067 离线率:17.78%
2025-11-27 08:17:43[INFO] S3椒图需要安装设备已安装:17249 安装率:70.18%
2025-11-27 08:17:43[INFO] S3椒图需要安装设备未安装:7324 未安装率:29.80%
2025-11-27 08:17:43[INFO] 数据成功写入数据库
2025-11-28 08:00:02[INFO] Starting jowto_data_count.py
2025-11-28 08:00:02[INFO] Starting send mails to group
2025-11-28 08:00:02[INFO] 14大业务系统总量: 109
2025-11-28 08:00:02[INFO] 14大业务系统椒图在线: 106 在线率: 97.25%
2025-11-28 08:00:02[INFO] 14大业务系统椒图离线: 1 离线率: 0.92%
2025-11-28 08:00:02[INFO] 14大业务系统椒图未安装: 2 未安装率: 1.83%
2025-11-28 08:00:02[INFO] 14大业务系统椒图在线统计: 106 安全域分布: S1:0, S2:0, S3:27, S4:79, S5:0 
2025-11-28 08:00:02[INFO] 14大业务系统椒图离线统计: 1 安全域分布: S1: 0, S2:0, S3:0, S4:1, S5:0 
2025-11-28 08:00:02[INFO] 14大业务系统椒图未安装统计: 2 安全域分布: S1: 0, S2:0, S3:0, S4:2, S5:0 
2025-11-28 08:00:02[INFO] 文件导出:(businessSystem14_ip.*): /data/sunhaobo/AssetMonitor-prod/AssetMonitor/modules/assetmonitor/JowtoDataMonitor/../../../file/JowtoDataOut/
2025-11-28 08:02:04[INFO] 椒图需要安装设备总量:27614
2025-11-28 08:02:04[INFO] 椒图需要安装设备在线:15907 在线率:83.73%
2025-11-28 08:02:04[INFO] 椒图需要安装设备离线:3091 离线率:16.27%
2025-11-28 08:02:04[INFO] 椒图需要安装设备已安装:18998 安装率:68.80%
2025-11-28 08:02:04[INFO] 椒图需要安装设备未安装:8616 未安装率:31.20%
2025-11-28 08:02:10[INFO] 互联网侧椒图需要安装设备总量: 928
2025-11-28 08:02:10[INFO] 互联网侧椒图需要安装设备在线: 904 在线率: 99.23%
2025-11-28 08:02:10[INFO] 互联网侧椒图需要安装设备离线: 7 离线率: 0.77%
2025-11-28 08:02:10[INFO] 互联网侧椒图需要安装设备已安装: 911 安装率: 98.17%
2025-11-28 08:02:10[INFO] 互联网侧椒图需要安装设备未安装: 17 未安装率: 1.83%
2025-11-28 08:04:12[INFO] S1椒图需要安装设备总量:1170
2025-11-28 08:04:12[INFO] S1椒图需要安装设备在线:1079 在线率:98.90%
2025-11-28 08:04:12[INFO] S1椒图需要安装设备离线:12 离线率:1.10%
2025-11-28 08:04:12[INFO] S1椒图需要安装设备已安装:1091 安装率:93.25%
2025-11-28 08:04:12[INFO] S1椒图需要安装设备未安装:79 未安装率:6.75%
2025-11-28 08:04:12[INFO] S3椒图需要安装设备总量:24663
2025-11-28 08:04:12[INFO] S3椒图需要安装设备在线:14208 在线率:82.25%
2025-11-28 08:04:12[INFO] S3椒图需要安装设备离线:3067 离线率:17.75%
2025-11-28 08:04:12[INFO] S3椒图需要安装设备已安装:17275 安装率:70.04%
2025-11-28 08:04:12[INFO] S3椒图需要安装设备未安装:7388 未安装率:29.96%
2025-11-28 08:04:15[INFO] 14大业务系统总量: 109
2025-11-28 08:04:15[INFO] 14大业务系统椒图在线: 106 在线率: 97.25%
2025-11-28 08:04:15[INFO] 14大业务系统椒图离线: 1 离线率: 0.92%
2025-11-28 08:04:15[INFO] 14大业务系统椒图未安装: 2 未安装率: 1.83%
2025-11-28 08:04:15[INFO] 14大业务系统椒图在线统计: 106 安全域分布: S1:0, S2:0, S3:27, S4:79, S5:0 
2025-11-28 08:04:15[INFO] 14大业务系统椒图离线统计: 1 安全域分布: S1: 0, S2:0, S3:0, S4:1, S5:0 
2025-11-28 08:04:15[INFO] 14大业务系统椒图未安装统计: 2 安全域分布: S1: 0, S2:0, S3:0, S4:2, S5:0 
2025-11-28 08:04:15[INFO] 文件导出:(businessSystem14_ip.*): /data/sunhaobo/AssetMonitor-prod/AssetMonitor/modules/assetmonitor/JowtoDataMonitor/../../../file/JowtoDataOut/
2025-11-28 08:06:17[INFO] 椒图需要安装设备总量:27614
2025-11-28 08:06:17[INFO] 椒图需要安装设备在线:15907 在线率:83.73%
2025-11-28 08:06:17[INFO] 椒图需要安装设备离线:3091 离线率:16.27%
2025-11-28 08:06:17[INFO] 椒图需要安装设备已安装:18998 安装率:68.80%
2025-11-28 08:06:17[INFO] 椒图需要安装设备未安装:8616 未安装率:31.20%
2025-11-28 08:06:25[INFO] 互联网侧椒图需要安装设备总量: 928
2025-11-28 08:06:25[INFO] 互联网侧椒图需要安装设备在线: 904 在线率: 99.23%
2025-11-28 08:06:25[INFO] 互联网侧椒图需要安装设备离线: 7 离线率: 0.77%
2025-11-28 08:06:25[INFO] 互联网侧椒图需要安装设备已安装: 911 安装率: 98.17%
2025-11-28 08:06:25[INFO] 互联网侧椒图需要安装设备未安装: 17 未安装率: 1.83%
2025-11-28 08:08:23[INFO] S1椒图需要安装设备总量:1170
2025-11-28 08:08:23[INFO] S1椒图需要安装设备在线:1079 在线率:98.90%
2025-11-28 08:08:23[INFO] S1椒图需要安装设备离线:12 离线率:1.10%
2025-11-28 08:08:23[INFO] S1椒图需要安装设备已安装:1091 安装率:93.25%
2025-11-28 08:08:23[INFO] S1椒图需要安装设备未安装:79 未安装率:6.75%
2025-11-28 08:08:23[INFO] S3椒图需要安装设备总量:24663
2025-11-28 08:08:23[INFO] S3椒图需要安装设备在线:14208 在线率:82.25%
2025-11-28 08:08:23[INFO] S3椒图需要安装设备离线:3067 离线率:17.75%
2025-11-28 08:08:23[INFO] S3椒图需要安装设备已安装:17275 安装率:70.04%
2025-11-28 08:08:23[INFO] S3椒图需要安装设备未安装:7388 未安装率:29.96%
2025-11-28 08:08:25[INFO] Starting write count to db
2025-11-28 08:08:26[INFO] 14大业务系统总量: 109
2025-11-28 08:08:26[INFO] 14大业务系统椒图在线: 106 在线率: 97.25%
2025-11-28 08:08:26[INFO] 14大业务系统椒图离线: 1 离线率: 0.92%
2025-11-28 08:08:26[INFO] 14大业务系统椒图未安装: 2 未安装率: 1.83%
2025-11-28 08:08:26[INFO] 14大业务系统椒图在线统计: 106 安全域分布: S1:0, S2:0, S3:27, S4:79, S5:0 
2025-11-28 08:08:26[INFO] 14大业务系统椒图离线统计: 1 安全域分布: S1: 0, S2:0, S3:0, S4:1, S5:0 
2025-11-28 08:08:26[INFO] 14大业务系统椒图未安装统计: 2 安全域分布: S1: 0, S2:0, S3:0, S4:2, S5:0 
2025-11-28 08:08:26[INFO] 文件导出:(businessSystem14_ip.*): /data/sunhaobo/AssetMonitor-prod/AssetMonitor/modules/assetmonitor/JowtoDataMonitor/../../../file/JowtoDataOut/
2025-11-28 08:10:36[INFO] 椒图需要安装设备总量:27614
2025-11-28 08:10:36[INFO] 椒图需要安装设备在线:15907 在线率:83.73%
2025-11-28 08:10:36[INFO] 椒图需要安装设备离线:3091 离线率:16.27%
2025-11-28 08:10:36[INFO] 椒图需要安装设备已安装:18998 安装率:68.80%
2025-11-28 08:10:36[INFO] 椒图需要安装设备未安装:8616 未安装率:31.20%
2025-11-28 08:10:42[INFO] 互联网侧椒图需要安装设备总量: 928
2025-11-28 08:10:42[INFO] 互联网侧椒图需要安装设备在线: 904 在线率: 99.23%
2025-11-28 08:10:42[INFO] 互联网侧椒图需要安装设备离线: 7 离线率: 0.77%
2025-11-28 08:10:42[INFO] 互联网侧椒图需要安装设备已安装: 911 安装率: 98.17%
2025-11-28 08:10:42[INFO] 互联网侧椒图需要安装设备未安装: 17 未安装率: 1.83%
2025-11-28 08:12:59[INFO] S1椒图需要安装设备总量:1170
2025-11-28 08:12:59[INFO] S1椒图需要安装设备在线:1079 在线率:98.90%
2025-11-28 08:12:59[INFO] S1椒图需要安装设备离线:12 离线率:1.10%
2025-11-28 08:12:59[INFO] S1椒图需要安装设备已安装:1091 安装率:93.25%
2025-11-28 08:12:59[INFO] S1椒图需要安装设备未安装:79 未安装率:6.75%
2025-11-28 08:12:59[INFO] S3椒图需要安装设备总量:24663
2025-11-28 08:12:59[INFO] S3椒图需要安装设备在线:14208 在线率:82.25%
2025-11-28 08:12:59[INFO] S3椒图需要安装设备离线:3067 离线率:17.75%
2025-11-28 08:12:59[INFO] S3椒图需要安装设备已安装:17275 安装率:70.04%
2025-11-28 08:12:59[INFO] S3椒图需要安装设备未安装:7388 未安装率:29.96%
2025-11-28 08:12:59[INFO] 数据成功写入数据库
2025-11-29 08:00:02[INFO] Starting jowto_data_count.py
2025-11-29 08:00:02[INFO] Starting send mails to group
2025-11-29 08:00:02[INFO] 14大业务系统总量: 108
2025-11-29 08:00:02[INFO] 14大业务系统椒图在线: 105 在线率: 97.22%
2025-11-29 08:00:02[INFO] 14大业务系统椒图离线: 1 离线率: 0.93%
2025-11-29 08:00:02[INFO] 14大业务系统椒图未安装: 2 未安装率: 1.85%
2025-11-29 08:00:02[INFO] 14大业务系统椒图在线统计: 105 安全域分布: S1:0, S2:0, S3:27, S4:78, S5:0 
2025-11-29 08:00:02[INFO] 14大业务系统椒图离线统计: 1 安全域分布: S1: 0, S2:0, S3:0, S4:1, S5:0 
2025-11-29 08:00:02[INFO] 14大业务系统椒图未安装统计: 2 安全域分布: S1: 0, S2:0, S3:0, S4:2, S5:0 
2025-11-29 08:00:02[INFO] 文件导出:(businessSystem14_ip.*): /data/sunhaobo/AssetMonitor-prod/AssetMonitor/modules/assetmonitor/JowtoDataMonitor/../../../file/JowtoDataOut/
2025-11-29 08:02:03[INFO] 椒图需要安装设备总量:27608
2025-11-29 08:02:03[INFO] 椒图需要安装设备在线:15926 在线率:83.75%
2025-11-29 08:02:03[INFO] 椒图需要安装设备离线:3090 离线率:16.25%
2025-11-29 08:02:03[INFO] 椒图需要安装设备已安装:19016 安装率:68.88%
2025-11-29 08:02:03[INFO] 椒图需要安装设备未安装:8592 未安装率:31.12%
2025-11-29 08:02:09[INFO] 互联网侧椒图需要安装设备总量: 929
2025-11-29 08:02:09[INFO] 互联网侧椒图需要安装设备在线: 904 在线率: 99.23%
2025-11-29 08:02:09[INFO] 互联网侧椒图需要安装设备离线: 7 离线率: 0.77%
2025-11-29 08:02:09[INFO] 互联网侧椒图需要安装设备已安装: 911 安装率: 98.06%
2025-11-29 08:02:09[INFO] 互联网侧椒图需要安装设备未安装: 18 未安装率: 1.94%
2025-11-29 08:04:16[INFO] S1椒图需要安装设备总量:1169
2025-11-29 08:04:16[INFO] S1椒图需要安装设备在线:1080 在线率:98.99%
2025-11-29 08:04:16[INFO] S1椒图需要安装设备离线:11 离线率:1.01%
2025-11-29 08:04:16[INFO] S1椒图需要安装设备已安装:1091 安装率:93.33%
2025-11-29 08:04:16[INFO] S1椒图需要安装设备未安装:78 未安装率:6.67%
2025-11-29 08:04:16[INFO] S3椒图需要安装设备总量:24642
2025-11-29 08:04:16[INFO] S3椒图需要安装设备在线:14222 在线率:82.26%
2025-11-29 08:04:16[INFO] S3椒图需要安装设备离线:3068 离线率:17.74%
2025-11-29 08:04:16[INFO] S3椒图需要安装设备已安装:17290 安装率:70.16%
2025-11-29 08:04:16[INFO] S3椒图需要安装设备未安装:7352 未安装率:29.84%
2025-11-29 08:04:20[INFO] 14大业务系统总量: 108
2025-11-29 08:04:20[INFO] 14大业务系统椒图在线: 105 在线率: 97.22%
2025-11-29 08:04:20[INFO] 14大业务系统椒图离线: 1 离线率: 0.93%
2025-11-29 08:04:20[INFO] 14大业务系统椒图未安装: 2 未安装率: 1.85%
2025-11-29 08:04:20[INFO] 14大业务系统椒图在线统计: 105 安全域分布: S1:0, S2:0, S3:27, S4:78, S5:0 
2025-11-29 08:04:20[INFO] 14大业务系统椒图离线统计: 1 安全域分布: S1: 0, S2:0, S3:0, S4:1, S5:0 
2025-11-29 08:04:20[INFO] 14大业务系统椒图未安装统计: 2 安全域分布: S1: 0, S2:0, S3:0, S4:2, S5:0 
2025-11-29 08:04:20[INFO] 文件导出:(businessSystem14_ip.*): /data/sunhaobo/AssetMonitor-prod/AssetMonitor/modules/assetmonitor/JowtoDataMonitor/../../../file/JowtoDataOut/
2025-11-29 08:06:33[INFO] 椒图需要安装设备总量:27608
2025-11-29 08:06:33[INFO] 椒图需要安装设备在线:15926 在线率:83.75%
2025-11-29 08:06:33[INFO] 椒图需要安装设备离线:3090 离线率:16.25%
2025-11-29 08:06:33[INFO] 椒图需要安装设备已安装:19016 安装率:68.88%
2025-11-29 08:06:33[INFO] 椒图需要安装设备未安装:8592 未安装率:31.12%
2025-11-29 08:06:39[INFO] 互联网侧椒图需要安装设备总量: 929
2025-11-29 08:06:39[INFO] 互联网侧椒图需要安装设备在线: 904 在线率: 99.23%
2025-11-29 08:06:39[INFO] 互联网侧椒图需要安装设备离线: 7 离线率: 0.77%
2025-11-29 08:06:39[INFO] 互联网侧椒图需要安装设备已安装: 911 安装率: 98.06%
2025-11-29 08:06:39[INFO] 互联网侧椒图需要安装设备未安装: 18 未安装率: 1.94%
2025-11-29 08:09:16[INFO] S1椒图需要安装设备总量:1169
2025-11-29 08:09:16[INFO] S1椒图需要安装设备在线:1080 在线率:98.99%
2025-11-29 08:09:16[INFO] S1椒图需要安装设备离线:11 离线率:1.01%
2025-11-29 08:09:16[INFO] S1椒图需要安装设备已安装:1091 安装率:93.33%
2025-11-29 08:09:16[INFO] S1椒图需要安装设备未安装:78 未安装率:6.67%
2025-11-29 08:09:16[INFO] S3椒图需要安装设备总量:24642
2025-11-29 08:09:16[INFO] S3椒图需要安装设备在线:14222 在线率:82.26%
2025-11-29 08:09:16[INFO] S3椒图需要安装设备离线:3068 离线率:17.74%
2025-11-29 08:09:16[INFO] S3椒图需要安装设备已安装:17290 安装率:70.16%
2025-11-29 08:09:16[INFO] S3椒图需要安装设备未安装:7352 未安装率:29.84%
2025-11-29 08:09:19[INFO] Starting write count to db
2025-11-29 08:09:20[INFO] 14大业务系统总量: 108
2025-11-29 08:09:20[INFO] 14大业务系统椒图在线: 105 在线率: 97.22%
2025-11-29 08:09:20[INFO] 14大业务系统椒图离线: 1 离线率: 0.93%
2025-11-29 08:09:20[INFO] 14大业务系统椒图未安装: 2 未安装率: 1.85%
2025-11-29 08:09:20[INFO] 14大业务系统椒图在线统计: 105 安全域分布: S1:0, S2:0, S3:27, S4:78, S5:0 
2025-11-29 08:09:20[INFO] 14大业务系统椒图离线统计: 1 安全域分布: S1: 0, S2:0, S3:0, S4:1, S5:0 
2025-11-29 08:09:20[INFO] 14大业务系统椒图未安装统计: 2 安全域分布: S1: 0, S2:0, S3:0, S4:2, S5:0 
2025-11-29 08:09:20[INFO] 文件导出:(businessSystem14_ip.*): /data/sunhaobo/AssetMonitor-prod/AssetMonitor/modules/assetmonitor/JowtoDataMonitor/../../../file/JowtoDataOut/
2025-11-29 08:12:36[INFO] 椒图需要安装设备总量:27608
2025-11-29 08:12:36[INFO] 椒图需要安装设备在线:15926 在线率:83.75%
2025-11-29 08:12:36[INFO] 椒图需要安装设备离线:3090 离线率:16.25%
2025-11-29 08:12:36[INFO] 椒图需要安装设备已安装:19016 安装率:68.88%
2025-11-29 08:12:36[INFO] 椒图需要安装设备未安装:8592 未安装率:31.12%
2025-11-29 08:12:43[INFO] 互联网侧椒图需要安装设备总量: 929
2025-11-29 08:12:43[INFO] 互联网侧椒图需要安装设备在线: 904 在线率: 99.23%
2025-11-29 08:12:43[INFO] 互联网侧椒图需要安装设备离线: 7 离线率: 0.77%
2025-11-29 08:12:43[INFO] 互联网侧椒图需要安装设备已安装: 911 安装率: 98.06%
2025-11-29 08:12:43[INFO] 互联网侧椒图需要安装设备未安装: 18 未安装率: 1.94%
2025-11-29 08:14:48[INFO] S1椒图需要安装设备总量:1169
2025-11-29 08:14:48[INFO] S1椒图需要安装设备在线:1080 在线率:98.99%
2025-11-29 08:14:48[INFO] S1椒图需要安装设备离线:11 离线率:1.01%
2025-11-29 08:14:48[INFO] S1椒图需要安装设备已安装:1091 安装率:93.33%
2025-11-29 08:14:48[INFO] S1椒图需要安装设备未安装:78 未安装率:6.67%
2025-11-29 08:14:48[INFO] S3椒图需要安装设备总量:24642
2025-11-29 08:14:48[INFO] S3椒图需要安装设备在线:14222 在线率:82.26%
2025-11-29 08:14:48[INFO] S3椒图需要安装设备离线:3068 离线率:17.74%
2025-11-29 08:14:48[INFO] S3椒图需要安装设备已安装:17290 安装率:70.16%
2025-11-29 08:14:48[INFO] S3椒图需要安装设备未安装:7352 未安装率:29.84%
2025-11-29 08:14:48[INFO] 数据成功写入数据库
2025-11-30 08:00:01[INFO] Starting jowto_data_count.py
2025-11-30 08:00:01[INFO] Starting send mails to group
2025-11-30 08:00:02[INFO] 14大业务系统总量: 108
2025-11-30 08:00:02[INFO] 14大业务系统椒图在线: 105 在线率: 97.22%
2025-11-30 08:00:02[INFO] 14大业务系统椒图离线: 1 离线率: 0.93%
2025-11-30 08:00:02[INFO] 14大业务系统椒图未安装: 2 未安装率: 1.85%
2025-11-30 08:00:02[INFO] 14大业务系统椒图在线统计: 105 安全域分布: S1:0, S2:0, S3:27, S4:78, S5:0 
2025-11-30 08:00:02[INFO] 14大业务系统椒图离线统计: 1 安全域分布: S1: 0, S2:0, S3:0, S4:1, S5:0 
2025-11-30 08:00:02[INFO] 14大业务系统椒图未安装统计: 2 安全域分布: S1: 0, S2:0, S3:0, S4:2, S5:0 
2025-11-30 08:00:02[INFO] 文件导出:(businessSystem14_ip.*): /data/sunhaobo/AssetMonitor-prod/AssetMonitor/modules/assetmonitor/JowtoDataMonitor/../../../file/JowtoDataOut/
2025-11-30 08:02:05[INFO] 椒图需要安装设备总量:27660
2025-11-30 08:02:05[INFO] 椒图需要安装设备在线:15912 在线率:83.73%
2025-11-30 08:02:05[INFO] 椒图需要安装设备离线:3091 离线率:16.27%
2025-11-30 08:02:05[INFO] 椒图需要安装设备已安装:19003 安装率:68.70%
2025-11-30 08:02:05[INFO] 椒图需要安装设备未安装:8657 未安装率:31.30%
2025-11-30 08:02:12[INFO] 互联网侧椒图需要安装设备总量: 928
2025-11-30 08:02:12[INFO] 互联网侧椒图需要安装设备在线: 902 在线率: 99.23%
2025-11-30 08:02:12[INFO] 互联网侧椒图需要安装设备离线: 7 离线率: 0.77%
2025-11-30 08:02:12[INFO] 互联网侧椒图需要安装设备已安装: 909 安装率: 97.95%
2025-11-30 08:02:12[INFO] 互联网侧椒图需要安装设备未安装: 19 未安装率: 2.05%
2025-11-30 08:04:10[INFO] S1椒图需要安装设备总量:1170
2025-11-30 08:04:10[INFO] S1椒图需要安装设备在线:1079 在线率:98.99%
2025-11-30 08:04:10[INFO] S1椒图需要安装设备离线:11 离线率:1.01%
2025-11-30 08:04:10[INFO] S1椒图需要安装设备已安装:1090 安装率:93.16%
2025-11-30 08:04:10[INFO] S1椒图需要安装设备未安装:80 未安装率:6.84%
2025-11-30 08:04:10[INFO] S3椒图需要安装设备总量:24683
2025-11-30 08:04:10[INFO] S3椒图需要安装设备在线:14208 在线率:82.24%
2025-11-30 08:04:10[INFO] S3椒图需要安装设备离线:3069 离线率:17.76%
2025-11-30 08:04:10[INFO] S3椒图需要安装设备已安装:17277 安装率:70.00%
2025-11-30 08:04:10[INFO] S3椒图需要安装设备未安装:7406 未安装率:30.00%
2025-11-30 08:04:13[INFO] 14大业务系统总量: 108
2025-11-30 08:04:13[INFO] 14大业务系统椒图在线: 105 在线率: 97.22%
2025-11-30 08:04:13[INFO] 14大业务系统椒图离线: 1 离线率: 0.93%
2025-11-30 08:04:13[INFO] 14大业务系统椒图未安装: 2 未安装率: 1.85%
2025-11-30 08:04:13[INFO] 14大业务系统椒图在线统计: 105 安全域分布: S1:0, S2:0, S3:27, S4:78, S5:0 
2025-11-30 08:04:13[INFO] 14大业务系统椒图离线统计: 1 安全域分布: S1: 0, S2:0, S3:0, S4:1, S5:0 
2025-11-30 08:04:13[INFO] 14大业务系统椒图未安装统计: 2 安全域分布: S1: 0, S2:0, S3:0, S4:2, S5:0 
2025-11-30 08:04:13[INFO] 文件导出:(businessSystem14_ip.*): /data/sunhaobo/AssetMonitor-prod/AssetMonitor/modules/assetmonitor/JowtoDataMonitor/../../../file/JowtoDataOut/
2025-11-30 08:06:11[INFO] 椒图需要安装设备总量:27660
2025-11-30 08:06:11[INFO] 椒图需要安装设备在线:15912 在线率:83.73%
2025-11-30 08:06:11[INFO] 椒图需要安装设备离线:3091 离线率:16.27%
2025-11-30 08:06:11[INFO] 椒图需要安装设备已安装:19003 安装率:68.70%
2025-11-30 08:06:11[INFO] 椒图需要安装设备未安装:8657 未安装率:31.30%
2025-11-30 08:06:17[INFO] 互联网侧椒图需要安装设备总量: 928
2025-11-30 08:06:17[INFO] 互联网侧椒图需要安装设备在线: 902 在线率: 99.23%
2025-11-30 08:06:17[INFO] 互联网侧椒图需要安装设备离线: 7 离线率: 0.77%
2025-11-30 08:06:17[INFO] 互联网侧椒图需要安装设备已安装: 909 安装率: 97.95%
2025-11-30 08:06:17[INFO] 互联网侧椒图需要安装设备未安装: 19 未安装率: 2.05%
2025-11-30 08:08:15[INFO] S1椒图需要安装设备总量:1170
2025-11-30 08:08:15[INFO] S1椒图需要安装设备在线:1079 在线率:98.99%
2025-11-30 08:08:15[INFO] S1椒图需要安装设备离线:11 离线率:1.01%
2025-11-30 08:08:15[INFO] S1椒图需要安装设备已安装:1090 安装率:93.16%
2025-11-30 08:08:15[INFO] S1椒图需要安装设备未安装:80 未安装率:6.84%
2025-11-30 08:08:15[INFO] S3椒图需要安装设备总量:24683
2025-11-30 08:08:15[INFO] S3椒图需要安装设备在线:14208 在线率:82.24%
2025-11-30 08:08:15[INFO] S3椒图需要安装设备离线:3069 离线率:17.76%
2025-11-30 08:08:15[INFO] S3椒图需要安装设备已安装:17277 安装率:70.00%
2025-11-30 08:08:15[INFO] S3椒图需要安装设备未安装:7406 未安装率:30.00%
2025-11-30 08:08:17[INFO] Starting write count to db
2025-11-30 08:08:18[INFO] 14大业务系统总量: 108
2025-11-30 08:08:18[INFO] 14大业务系统椒图在线: 105 在线率: 97.22%
2025-11-30 08:08:18[INFO] 14大业务系统椒图离线: 1 离线率: 0.93%
2025-11-30 08:08:18[INFO] 14大业务系统椒图未安装: 2 未安装率: 1.85%
2025-11-30 08:08:18[INFO] 14大业务系统椒图在线统计: 105 安全域分布: S1:0, S2:0, S3:27, S4:78, S5:0 
2025-11-30 08:08:18[INFO] 14大业务系统椒图离线统计: 1 安全域分布: S1: 0, S2:0, S3:0, S4:1, S5:0 
2025-11-30 08:08:18[INFO] 14大业务系统椒图未安装统计: 2 安全域分布: S1: 0, S2:0, S3:0, S4:2, S5:0 
2025-11-30 08:08:18[INFO] 文件导出:(businessSystem14_ip.*): /data/sunhaobo/AssetMonitor-prod/AssetMonitor/modules/assetmonitor/JowtoDataMonitor/../../../file/JowtoDataOut/
2025-11-30 08:10:25[INFO] 椒图需要安装设备总量:27660
2025-11-30 08:10:25[INFO] 椒图需要安装设备在线:15912 在线率:83.73%
2025-11-30 08:10:25[INFO] 椒图需要安装设备离线:3091 离线率:16.27%
2025-11-30 08:10:25[INFO] 椒图需要安装设备已安装:19003 安装率:68.70%
2025-11-30 08:10:25[INFO] 椒图需要安装设备未安装:8657 未安装率:31.30%
2025-11-30 08:10:36[INFO] 互联网侧椒图需要安装设备总量: 928
2025-11-30 08:10:36[INFO] 互联网侧椒图需要安装设备在线: 902 在线率: 99.23%
2025-11-30 08:10:36[INFO] 互联网侧椒图需要安装设备离线: 7 离线率: 0.77%
2025-11-30 08:10:36[INFO] 互联网侧椒图需要安装设备已安装: 909 安装率: 97.95%
2025-11-30 08:10:36[INFO] 互联网侧椒图需要安装设备未安装: 19 未安装率: 2.05%
2025-11-30 08:13:48[INFO] S1椒图需要安装设备总量:1170
2025-11-30 08:13:48[INFO] S1椒图需要安装设备在线:1079 在线率:98.99%
2025-11-30 08:13:48[INFO] S1椒图需要安装设备离线:11 离线率:1.01%
2025-11-30 08:13:48[INFO] S1椒图需要安装设备已安装:1090 安装率:93.16%
2025-11-30 08:13:48[INFO] S1椒图需要安装设备未安装:80 未安装率:6.84%
2025-11-30 08:13:48[INFO] S3椒图需要安装设备总量:24683
2025-11-30 08:13:48[INFO] S3椒图需要安装设备在线:14208 在线率:82.24%
2025-11-30 08:13:48[INFO] S3椒图需要安装设备离线:3069 离线率:17.76%
2025-11-30 08:13:48[INFO] S3椒图需要安装设备已安装:17277 安装率:70.00%
2025-11-30 08:13:48[INFO] S3椒图需要安装设备未安装:7406 未安装率:30.00%
2025-11-30 08:13:49[INFO] 数据成功写入数据库
2025-12-01 08:00:01[INFO] Starting jowto_data_count.py
2025-12-01 08:00:01[INFO] Starting send mails to group
2025-12-01 08:00:03[INFO] 14大业务系统总量: 107
2025-12-01 08:00:03[INFO] 14大业务系统椒图在线: 104 在线率: 97.20%
2025-12-01 08:00:03[INFO] 14大业务系统椒图离线: 1 离线率: 0.93%
2025-12-01 08:00:03[INFO] 14大业务系统椒图未安装: 2 未安装率: 1.87%
2025-12-01 08:00:03[INFO] 14大业务系统椒图在线统计: 104 安全域分布: S1:0, S2:0, S3:27, S4:77, S5:0 
2025-12-01 08:00:03[INFO] 14大业务系统椒图离线统计: 1 安全域分布: S1: 0, S2:0, S3:0, S4:1, S5:0 
2025-12-01 08:00:03[INFO] 14大业务系统椒图未安装统计: 2 安全域分布: S1: 0, S2:0, S3:0, S4:2, S5:0 
2025-12-01 08:00:03[INFO] 文件导出:(businessSystem14_ip.*): /data/sunhaobo/AssetMonitor-prod/AssetMonitor/modules/assetmonitor/JowtoDataMonitor/../../../file/JowtoDataOut/
2025-12-01 08:03:39[INFO] 椒图需要安装设备总量:27655
2025-12-01 08:03:39[INFO] 椒图需要安装设备在线:15909 在线率:83.74%
2025-12-01 08:03:39[INFO] 椒图需要安装设备离线:3089 离线率:16.26%
2025-12-01 08:03:39[INFO] 椒图需要安装设备已安装:18998 安装率:68.70%
2025-12-01 08:03:39[INFO] 椒图需要安装设备未安装:8608 未安装率:31.13%
2025-12-01 08:03:48[INFO] 互联网侧椒图需要安装设备总量: 927
2025-12-01 08:03:48[INFO] 互联网侧椒图需要安装设备在线: 902 在线率: 99.23%
2025-12-01 08:03:48[INFO] 互联网侧椒图需要安装设备离线: 7 离线率: 0.77%
2025-12-01 08:03:48[INFO] 互联网侧椒图需要安装设备已安装: 909 安装率: 98.06%
2025-12-01 08:03:48[INFO] 互联网侧椒图需要安装设备未安装: 18 未安装率: 1.94%
2025-12-01 08:06:35[INFO] S1椒图需要安装设备总量:1165
2025-12-01 08:06:35[INFO] S1椒图需要安装设备在线:1079 在线率:98.99%
2025-12-01 08:06:35[INFO] S1椒图需要安装设备离线:11 离线率:1.01%
2025-12-01 08:06:35[INFO] S1椒图需要安装设备已安装:1090 安装率:93.56%
2025-12-01 08:06:35[INFO] S1椒图需要安装设备未安装:75 未安装率:6.44%
2025-12-01 08:06:35[INFO] S3椒图需要安装设备总量:24633
2025-12-01 08:06:35[INFO] S3椒图需要安装设备在线:14206 在线率:82.24%
2025-12-01 08:06:35[INFO] S3椒图需要安装设备离线:3067 离线率:17.76%
2025-12-01 08:06:35[INFO] S3椒图需要安装设备已安装:17273 安装率:70.12%
2025-12-01 08:06:35[INFO] S3椒图需要安装设备未安装:7360 未安装率:29.88%
2025-12-01 08:06:40[INFO] 14大业务系统总量: 107
2025-12-01 08:06:40[INFO] 14大业务系统椒图在线: 104 在线率: 97.20%
2025-12-01 08:06:40[INFO] 14大业务系统椒图离线: 1 离线率: 0.93%
2025-12-01 08:06:40[INFO] 14大业务系统椒图未安装: 2 未安装率: 1.87%
2025-12-01 08:06:40[INFO] 14大业务系统椒图在线统计: 104 安全域分布: S1:0, S2:0, S3:27, S4:77, S5:0 
2025-12-01 08:06:40[INFO] 14大业务系统椒图离线统计: 1 安全域分布: S1: 0, S2:0, S3:0, S4:1, S5:0 
2025-12-01 08:06:40[INFO] 14大业务系统椒图未安装统计: 2 安全域分布: S1: 0, S2:0, S3:0, S4:2, S5:0 
2025-12-01 08:06:40[INFO] 文件导出:(businessSystem14_ip.*): /data/sunhaobo/AssetMonitor-prod/AssetMonitor/modules/assetmonitor/JowtoDataMonitor/../../../file/JowtoDataOut/
2025-12-01 08:08:45[INFO] 椒图需要安装设备总量:27606
2025-12-01 08:08:45[INFO] 椒图需要安装设备在线:15909 在线率:83.74%
2025-12-01 08:08:45[INFO] 椒图需要安装设备离线:3089 离线率:16.26%
2025-12-01 08:08:45[INFO] 椒图需要安装设备已安装:18998 安装率:68.82%
2025-12-01 08:08:45[INFO] 椒图需要安装设备未安装:8608 未安装率:31.18%
2025-12-01 08:08:51[INFO] 互联网侧椒图需要安装设备总量: 927
2025-12-01 08:08:51[INFO] 互联网侧椒图需要安装设备在线: 902 在线率: 99.23%
2025-12-01 08:08:51[INFO] 互联网侧椒图需要安装设备离线: 7 离线率: 0.77%
2025-12-01 08:08:51[INFO] 互联网侧椒图需要安装设备已安装: 909 安装率: 98.06%
2025-12-01 08:08:51[INFO] 互联网侧椒图需要安装设备未安装: 18 未安装率: 1.94%
2025-12-01 08:10:53[INFO] S1椒图需要安装设备总量:1165
2025-12-01 08:10:53[INFO] S1椒图需要安装设备在线:1079 在线率:98.99%
2025-12-01 08:10:53[INFO] S1椒图需要安装设备离线:11 离线率:1.01%
2025-12-01 08:10:53[INFO] S1椒图需要安装设备已安装:1090 安装率:93.56%
2025-12-01 08:10:53[INFO] S1椒图需要安装设备未安装:75 未安装率:6.44%
2025-12-01 08:10:53[INFO] S3椒图需要安装设备总量:24633
2025-12-01 08:10:53[INFO] S3椒图需要安装设备在线:14206 在线率:82.24%
2025-12-01 08:10:53[INFO] S3椒图需要安装设备离线:3067 离线率:17.76%
2025-12-01 08:10:53[INFO] S3椒图需要安装设备已安装:17273 安装率:70.12%
2025-12-01 08:10:53[INFO] S3椒图需要安装设备未安装:7360 未安装率:29.88%
2025-12-01 08:10:55[INFO] Starting write count to db
2025-12-01 08:10:56[INFO] 14大业务系统总量: 107
2025-12-01 08:10:56[INFO] 14大业务系统椒图在线: 104 在线率: 97.20%
2025-12-01 08:10:56[INFO] 14大业务系统椒图离线: 1 离线率: 0.93%
2025-12-01 08:10:56[INFO] 14大业务系统椒图未安装: 2 未安装率: 1.87%
2025-12-01 08:10:56[INFO] 14大业务系统椒图在线统计: 104 安全域分布: S1:0, S2:0, S3:27, S4:77, S5:0 
2025-12-01 08:10:56[INFO] 14大业务系统椒图离线统计: 1 安全域分布: S1: 0, S2:0, S3:0, S4:1, S5:0 
2025-12-01 08:10:56[INFO] 14大业务系统椒图未安装统计: 2 安全域分布: S1: 0, S2:0, S3:0, S4:2, S5:0 
2025-12-01 08:10:56[INFO] 文件导出:(businessSystem14_ip.*): /data/sunhaobo/AssetMonitor-prod/AssetMonitor/modules/assetmonitor/JowtoDataMonitor/../../../file/JowtoDataOut/
2025-12-01 08:13:13[INFO] 椒图需要安装设备总量:27606
2025-12-01 08:13:13[INFO] 椒图需要安装设备在线:15909 在线率:83.74%
2025-12-01 08:13:13[INFO] 椒图需要安装设备离线:3089 离线率:16.26%
2025-12-01 08:13:13[INFO] 椒图需要安装设备已安装:18998 安装率:68.82%
2025-12-01 08:13:13[INFO] 椒图需要安装设备未安装:8608 未安装率:31.18%
2025-12-01 08:13:26[INFO] 互联网侧椒图需要安装设备总量: 927
2025-12-01 08:13:26[INFO] 互联网侧椒图需要安装设备在线: 902 在线率: 99.23%
2025-12-01 08:13:26[INFO] 互联网侧椒图需要安装设备离线: 7 离线率: 0.77%
2025-12-01 08:13:26[INFO] 互联网侧椒图需要安装设备已安装: 909 安装率: 98.06%
2025-12-01 08:13:26[INFO] 互联网侧椒图需要安装设备未安装: 18 未安装率: 1.94%
2025-12-01 08:16:40[INFO] S1椒图需要安装设备总量:1165
2025-12-01 08:16:40[INFO] S1椒图需要安装设备在线:1079 在线率:98.99%
2025-12-01 08:16:40[INFO] S1椒图需要安装设备离线:11 离线率:1.01%
2025-12-01 08:16:40[INFO] S1椒图需要安装设备已安装:1090 安装率:93.56%
2025-12-01 08:16:40[INFO] S1椒图需要安装设备未安装:75 未安装率:6.44%
2025-12-01 08:16:40[INFO] S3椒图需要安装设备总量:24633
2025-12-01 08:16:40[INFO] S3椒图需要安装设备在线:14206 在线率:82.24%
2025-12-01 08:16:40[INFO] S3椒图需要安装设备离线:3067 离线率:17.76%
2025-12-01 08:16:40[INFO] S3椒图需要安装设备已安装:17273 安装率:70.12%
2025-12-01 08:16:40[INFO] S3椒图需要安装设备未安装:7360 未安装率:29.88%
2025-12-01 08:16:40[INFO] 数据成功写入数据库
2025-12-02 08:00:01[INFO] Starting jowto_data_count.py
2025-12-02 08:00:01[INFO] Starting send mails to group
2025-12-02 08:00:03[INFO] 14大业务系统总量: 108
2025-12-02 08:00:03[INFO] 14大业务系统椒图在线: 105 在线率: 97.22%
2025-12-02 08:00:03[INFO] 14大业务系统椒图离线: 1 离线率: 0.93%
2025-12-02 08:00:03[INFO] 14大业务系统椒图未安装: 2 未安装率: 1.85%
2025-12-02 08:00:03[INFO] 14大业务系统椒图在线统计: 105 安全域分布: S1:0, S2:0, S3:27, S4:78, S5:0 
2025-12-02 08:00:03[INFO] 14大业务系统椒图离线统计: 1 安全域分布: S1: 0, S2:0, S3:0, S4:1, S5:0 
2025-12-02 08:00:03[INFO] 14大业务系统椒图未安装统计: 2 安全域分布: S1: 0, S2:0, S3:0, S4:2, S5:0 
2025-12-02 08:00:03[INFO] 文件导出:(businessSystem14_ip.*): /data/sunhaobo/AssetMonitor-prod/AssetMonitor/modules/assetmonitor/JowtoDataMonitor/../../../file/JowtoDataOut/
2025-12-02 08:03:13[INFO] 椒图需要安装设备总量:27665
2025-12-02 08:03:13[INFO] 椒图需要安装设备在线:15914 在线率:83.74%
2025-12-02 08:03:13[INFO] 椒图需要安装设备离线:3090 离线率:16.26%
2025-12-02 08:03:13[INFO] 椒图需要安装设备已安装:19004 安装率:68.69%
2025-12-02 08:03:13[INFO] 椒图需要安装设备未安装:8661 未安装率:31.31%
2025-12-02 08:03:22[INFO] 互联网侧椒图需要安装设备总量: 928
2025-12-02 08:03:22[INFO] 互联网侧椒图需要安装设备在线: 901 在线率: 99.23%
2025-12-02 08:03:22[INFO] 互联网侧椒图需要安装设备离线: 7 离线率: 0.77%
2025-12-02 08:03:22[INFO] 互联网侧椒图需要安装设备已安装: 908 安装率: 97.84%
2025-12-02 08:03:22[INFO] 互联网侧椒图需要安装设备未安装: 20 未安装率: 2.16%
2025-12-02 08:06:04[INFO] S1椒图需要安装设备总量:1167
2025-12-02 08:06:04[INFO] S1椒图需要安装设备在线:1078 在线率:98.99%
2025-12-02 08:06:04[INFO] S1椒图需要安装设备离线:11 离线率:1.01%
2025-12-02 08:06:04[INFO] S1椒图需要安装设备已安装:1089 安装率:93.32%
2025-12-02 08:06:04[INFO] S1椒图需要安装设备未安装:78 未安装率:6.68%
2025-12-02 08:06:04[INFO] S3椒图需要安装设备总量:24678
2025-12-02 08:06:04[INFO] S3椒图需要安装设备在线:14209 在线率:82.24%
2025-12-02 08:06:04[INFO] S3椒图需要安装设备离线:3068 离线率:17.76%
2025-12-02 08:06:04[INFO] S3椒图需要安装设备已安装:17277 安装率:70.01%
2025-12-02 08:06:04[INFO] S3椒图需要安装设备未安装:7401 未安装率:29.99%
2025-12-02 08:06:07[INFO] 14大业务系统总量: 108
2025-12-02 08:06:07[INFO] 14大业务系统椒图在线: 105 在线率: 97.22%
2025-12-02 08:06:07[INFO] 14大业务系统椒图离线: 1 离线率: 0.93%
2025-12-02 08:06:07[INFO] 14大业务系统椒图未安装: 2 未安装率: 1.85%
2025-12-02 08:06:07[INFO] 14大业务系统椒图在线统计: 105 安全域分布: S1:0, S2:0, S3:27, S4:78, S5:0 
2025-12-02 08:06:07[INFO] 14大业务系统椒图离线统计: 1 安全域分布: S1: 0, S2:0, S3:0, S4:1, S5:0 
2025-12-02 08:06:07[INFO] 14大业务系统椒图未安装统计: 2 安全域分布: S1: 0, S2:0, S3:0, S4:2, S5:0 
2025-12-02 08:06:07[INFO] 文件导出:(businessSystem14_ip.*): /data/sunhaobo/AssetMonitor-prod/AssetMonitor/modules/assetmonitor/JowtoDataMonitor/../../../file/JowtoDataOut/
2025-12-02 08:08:46[INFO] 椒图需要安装设备总量:27665
2025-12-02 08:08:46[INFO] 椒图需要安装设备在线:15914 在线率:83.74%
2025-12-02 08:08:46[INFO] 椒图需要安装设备离线:3090 离线率:16.26%
2025-12-02 08:08:46[INFO] 椒图需要安装设备已安装:19004 安装率:68.69%
2025-12-02 08:08:46[INFO] 椒图需要安装设备未安装:8661 未安装率:31.31%
2025-12-02 08:08:56[INFO] 互联网侧椒图需要安装设备总量: 928
2025-12-02 08:08:56[INFO] 互联网侧椒图需要安装设备在线: 901 在线率: 99.23%
2025-12-02 08:08:56[INFO] 互联网侧椒图需要安装设备离线: 7 离线率: 0.77%
2025-12-02 08:08:56[INFO] 互联网侧椒图需要安装设备已安装: 908 安装率: 97.84%
2025-12-02 08:08:56[INFO] 互联网侧椒图需要安装设备未安装: 20 未安装率: 2.16%
2025-12-02 08:11:02[INFO] S1椒图需要安装设备总量:1167
2025-12-02 08:11:02[INFO] S1椒图需要安装设备在线:1078 在线率:98.99%
2025-12-02 08:11:02[INFO] S1椒图需要安装设备离线:11 离线率:1.01%
2025-12-02 08:11:02[INFO] S1椒图需要安装设备已安装:1089 安装率:93.32%
2025-12-02 08:11:02[INFO] S1椒图需要安装设备未安装:78 未安装率:6.68%
2025-12-02 08:11:02[INFO] S3椒图需要安装设备总量:24678
2025-12-02 08:11:02[INFO] S3椒图需要安装设备在线:14209 在线率:82.24%
2025-12-02 08:11:02[INFO] S3椒图需要安装设备离线:3068 离线率:17.76%
2025-12-02 08:11:02[INFO] S3椒图需要安装设备已安装:17277 安装率:70.01%
2025-12-02 08:11:02[INFO] S3椒图需要安装设备未安装:7401 未安装率:29.99%
2025-12-02 08:11:04[INFO] Starting write count to db
2025-12-02 08:11:05[INFO] 14大业务系统总量: 108
2025-12-02 08:11:05[INFO] 14大业务系统椒图在线: 105 在线率: 97.22%
2025-12-02 08:11:05[INFO] 14大业务系统椒图离线: 1 离线率: 0.93%
2025-12-02 08:11:05[INFO] 14大业务系统椒图未安装: 2 未安装率: 1.85%
2025-12-02 08:11:05[INFO] 14大业务系统椒图在线统计: 105 安全域分布: S1:0, S2:0, S3:27, S4:78, S5:0 
2025-12-02 08:11:05[INFO] 14大业务系统椒图离线统计: 1 安全域分布: S1: 0, S2:0, S3:0, S4:1, S5:0 
2025-12-02 08:11:05[INFO] 14大业务系统椒图未安装统计: 2 安全域分布: S1: 0, S2:0, S3:0, S4:2, S5:0 
2025-12-02 08:11:05[INFO] 文件导出:(businessSystem14_ip.*): /data/sunhaobo/AssetMonitor-prod/AssetMonitor/modules/assetmonitor/JowtoDataMonitor/../../../file/JowtoDataOut/
2025-12-02 08:13:15[INFO] 椒图需要安装设备总量:27665
2025-12-02 08:13:15[INFO] 椒图需要安装设备在线:15914 在线率:83.74%
2025-12-02 08:13:15[INFO] 椒图需要安装设备离线:3090 离线率:16.26%
2025-12-02 08:13:15[INFO] 椒图需要安装设备已安装:19004 安装率:68.69%
2025-12-02 08:13:15[INFO] 椒图需要安装设备未安装:8661 未安装率:31.31%
2025-12-02 08:13:24[INFO] 互联网侧椒图需要安装设备总量: 928
2025-12-02 08:13:24[INFO] 互联网侧椒图需要安装设备在线: 901 在线率: 99.23%
2025-12-02 08:13:24[INFO] 互联网侧椒图需要安装设备离线: 7 离线率: 0.77%
2025-12-02 08:13:24[INFO] 互联网侧椒图需要安装设备已安装: 908 安装率: 97.84%
2025-12-02 08:13:24[INFO] 互联网侧椒图需要安装设备未安装: 20 未安装率: 2.16%
2025-12-02 08:15:40[INFO] S1椒图需要安装设备总量:1167
2025-12-02 08:15:40[INFO] S1椒图需要安装设备在线:1078 在线率:98.99%
2025-12-02 08:15:40[INFO] S1椒图需要安装设备离线:11 离线率:1.01%
2025-12-02 08:15:40[INFO] S1椒图需要安装设备已安装:1089 安装率:93.32%
2025-12-02 08:15:40[INFO] S1椒图需要安装设备未安装:78 未安装率:6.68%
2025-12-02 08:15:40[INFO] S3椒图需要安装设备总量:24678
2025-12-02 08:15:40[INFO] S3椒图需要安装设备在线:14209 在线率:82.24%
2025-12-02 08:15:40[INFO] S3椒图需要安装设备离线:3068 离线率:17.76%
2025-12-02 08:15:40[INFO] S3椒图需要安装设备已安装:17277 安装率:70.01%
2025-12-02 08:15:40[INFO] S3椒图需要安装设备未安装:7401 未安装率:29.99%
2025-12-02 08:15:40[INFO] 数据成功写入数据库
